<?xml version="1.0" encoding="UTF-8"?>
<!-- Generated by org.testng.reporters.JUnitReportReporter -->
<testsuite hostname="TECLOHP" failures="0" tests="3" name="ui.SkipDemoTest" time="0.029" errors="0" timestamp="2024-05-26T20:21:06 IST" skipped="2">
  <testcase classname="ui.SkipDemoTest" name="skipTest3" time="0.005"/>
  <testcase classname="ui.SkipDemoTest" name="skipTest2" time="0.024">
    <skipped/>
  </testcase> <!-- skipTest2 -->
  <testcase classname="ui.SkipDemoTest" name="skipTest1">
    <skipped/>
  </testcase> <!-- skipTest1 -->
</testsuite> <!-- ui.SkipDemoTest -->
