<?xml version="1.0" encoding="UTF-8"?>
<!-- Generated by org.testng.reporters.JUnitReportReporter -->
<testsuite hostname="TECLOHP" failures="0" tests="4" name="ui.ReportTest" time="0.063" errors="0" timestamp="2024-08-06T19:55:11 IST" skipped="0">
  <testcase classname="ui.ReportTest" name="reporterTest3" time="0.007">
    <system-out>
      <![CDATA[test3]]>
    </system-out>
  </testcase> <!-- reporterTest3 -->
  <testcase classname="ui.ReportTest" name="reporterTest4" time="0.010">
    <system-out>
      <![CDATA[test4]]>
    </system-out>
  </testcase> <!-- reporterTest4 -->
  <testcase classname="ui.ReportTest" name="reporterTest1" time="0.041">
    <system-out>
      <![CDATA[test1]]>
    </system-out>
  </testcase> <!-- reporterTest1 -->
  <testcase classname="ui.ReportTest" name="reporterTest2" time="0.005">
    <system-out>
      <![CDATA[test2]]>
    </system-out>
  </testcase> <!-- reporterTest2 -->
  <system-out>
    <![CDATA[test1
test2
test3
test4]]>
  </system-out>
</testsuite> <!-- ui.ReportTest -->
