<?xml version="1.0" encoding="UTF-8"?>
<!-- Generated by org.testng.reporters.JUnitReportReporter -->
<testsuite hostname="TECLOHP" failures="0" tests="3" name="ui.GroupDemoTest" time="0.022" errors="0" timestamp="2024-08-06T19:55:52 IST" skipped="0">
  <testcase classname="ui.GroupDemoTest" name="aTest3" time="0.007"/>
  <testcase classname="ui.GroupDemoTest" name="aTest1" time="0.006"/>
  <testcase classname="ui.GroupDemoTest" name="bTest2" time="0.009"/>
</testsuite> <!-- ui.GroupDemoTest -->
