<?xml version="1.0" encoding="UTF-8"?>
<!-- Generated by org.testng.reporters.JUnitReportReporter -->
<testsuite hostname="TECLOHP" failures="0" tests="4" name="ui.Dataproviderdemo2" time="0.059" errors="0" timestamp="2024-05-27T23:06:09 IST" skipped="0">
  <testcase classname="ui.Dataproviderdemo2" name="test" time="0.014"/>
  <testcase classname="ui.Dataproviderdemo2" name="test1" time="0.006"/>
  <testcase classname="ui.Dataproviderdemo2" name="test1" time="0.006"/>
  <testcase classname="ui.Dataproviderdemo2" name="test" time="0.033"/>
</testsuite> <!-- ui.Dataproviderdemo2 -->
