<?xml version="1.0" encoding="UTF-8"?>
<!-- Generated by org.testng.reporters.JUnitReportReporter -->
<testsuite hostname="TECLOHP" failures="0" tests="3" name="ui.BeforeGoups_BeforeClass" time="0.024" errors="0" timestamp="2024-08-06T19:48:22 IST" skipped="0">
  <testcase classname="ui.BeforeGoups_BeforeClass" name="Test3" time="0.005"/>
  <testcase classname="ui.BeforeGoups_BeforeClass" name="Test1" time="0.015"/>
  <testcase classname="ui.BeforeGoups_BeforeClass" name="Test2" time="0.004"/>
</testsuite> <!-- ui.BeforeGoups_BeforeClass -->
