<?xml version="1.0" encoding="UTF-8"?>
<!-- Generated by org.testng.reporters.JUnitReportReporter -->
<testsuite hostname="TECLOHP" failures="0" tests="6" name="ui.DataProviderDataTest" time="0.053" errors="0" timestamp="2024-05-27T12:04:23 IST" skipped="0">
  <testcase classname="ui.DataProviderDataTest" name="Test1" time="0.024"/>
  <testcase classname="ui.DataProviderDataTest" name="Test1" time="0.008"/>
  <testcase classname="ui.DataProviderDataTest" name="test" time="0.003"/>
  <testcase classname="ui.DataProviderDataTest" name="test" time="0.005"/>
  <testcase classname="ui.DataProviderDataTest" name="test" time="0.006"/>
  <testcase classname="ui.DataProviderDataTest" name="test" time="0.007"/>
</testsuite> <!-- ui.DataProviderDataTest -->
