<?xml version="1.0" encoding="UTF-8"?>
<!-- Generated by org.testng.reporters.JUnitReportReporter -->
<testsuite hostname="TECLOHP" failures="0" tests="2" name="ui.LoginTest" time="0.010" errors="0" timestamp="2024-08-06T19:55:52 IST" skipped="0">
  <testcase classname="ui.LoginTest" name="bloginTest" time="0.006"/>
  <testcase classname="ui.LoginTest" name="aloginTest" time="0.004"/>
</testsuite> <!-- ui.LoginTest -->
