<?xml version="1.0" encoding="UTF-8"?>
<!-- Generated by org.testng.reporters.JUnitReportReporter -->
<testsuite hostname="TECLOHP" failures="0" tests="4" name="ui.DataProviderSauseDemo" time="32.430" errors="0" timestamp="2024-05-27T12:29:09 IST" skipped="0">
  <testcase classname="ui.DataProviderSauseDemo" name="TestSauce1" time="13.571"/>
  <testcase classname="ui.DataProviderSauseDemo" name="TestSauce1" time="12.667"/>
  <testcase classname="ui.DataProviderSauseDemo" name="TestSauce1" time="2.908"/>
  <testcase classname="ui.DataProviderSauseDemo" name="TestSauce1" time="3.284"/>
</testsuite> <!-- ui.DataProviderSauseDemo -->
